<?xml version="1.0" encoding="UTF-8"?>
<!-- Generated by org.testng.reporters.JUnitReportReporter -->
<testsuite hostname="milind-Latitude-3420" failures="0" tests="1" name="com.convozen.Tests.RunTest_1" time="11.373" errors="0" timestamp="2024-06-21T13:12:23 IST" skipped="0">
  <testcase classname="com.convozen.Tests.RunTest_1" name="testLoginUser" time="11.373"/>
  <system-out>
    <![CDATA[Entering email address in the email input field.
Entering password in the password input field.
Clicking on the login button.]]>
  </system-out>
</testsuite> <!-- com.convozen.Tests.RunTest_1 -->
