<?xml version="1.0" encoding="UTF-8"?>
<!-- Generated by org.testng.reporters.JUnitReportReporter -->
<testsuite hostname="milind-Latitude-3420" failures="0" tests="1" name="com.convozen.Tests.RunTest_2" time="6.536" errors="0" timestamp="2024-06-20T00:55:25 IST" skipped="0">
  <testcase classname="com.convozen.Tests.RunTest_2" name="testPageTitle" time="6.536"/>
  <system-out/>
</testsuite> <!-- com.convozen.Tests.RunTest_2 -->
