<?xml version="1.0" encoding="UTF-8"?>
<!-- Generated by org.testng.reporters.JUnitReportReporter -->
<testsuite hostname="milind-Latitude-3420" failures="0" tests="1" name="com.convozen.Tests.TestNewCode" time="23.251" errors="0" timestamp="2024-06-26T19:42:20 IST" skipped="0">
  <testcase classname="com.convozen.Tests.TestNewCode" name="test" time="23.251"/>
</testsuite> <!-- com.convozen.Tests.TestNewCode -->
