<?xml version="1.0" encoding="UTF-8"?>
<!-- Generated by org.testng.reporters.JUnitReportReporter -->
<testsuite hostname="milind-Latitude-3420" failures="0" tests="1" name="com.convozen.Tests.TestSeleniumCode" time="11.398" errors="0" timestamp="2024-06-29T15:21:04 IST" skipped="0">
  <testcase classname="com.convozen.Tests.TestSeleniumCode" name="test" time="11.398"/>
</testsuite> <!-- com.convozen.Tests.TestSeleniumCode -->
