<?xml version="1.0" encoding="UTF-8"?>
<!-- Generated by org.testng.reporters.JUnitReportReporter -->
<testsuite hostname="milind-Latitude-3420" failures="0" tests="1" name="com.convozen.Tests.TestSeleniumCode" time="10.742" errors="0" timestamp="2024-06-26T21:10:33 IST" skipped="0">
  <testcase classname="com.convozen.Tests.TestSeleniumCode" name="test" time="10.742"/>
</testsuite> <!-- com.convozen.Tests.TestSeleniumCode -->
